<?xml version="1.0" encoding="utf-8"?><testsuites name="pytest tests"><testsuite name="pytest" errors="0" failures="0" skipped="0" tests="30" time="4.137" timestamp="2026-05-21T19:17:10.331375+00:00" hostname="agent-env-66e56f36-5f35-4480-8922-66604315cff6"><testcase classname="backend.tests.test_ulpgl_backend.TestHealth" name="test_health" time="0.182" /><testcase classname="backend.tests.test_ulpgl_backend.TestAuth" name="test_login_admin" time="0.153" /><testcase classname="backend.tests.test_ulpgl_backend.TestAuth" name="test_login_publisher" time="0.158" /><testcase classname="backend.tests.test_ulpgl_backend.TestAuth" name="test_login_invalid" time="0.150" /><testcase classname="backend.tests.test_ulpgl_backend.TestAuth" name="test_login_missing_fields" time="0.073" /><testcase classname="backend.tests.test_ulpgl_backend.TestAuth" name="test_me_with_token" time="0.231" /><testcase classname="backend.tests.test_ulpgl_backend.TestAuth" name="test_me_without_token" time="0.073" /><testcase classname="backend.tests.test_ulpgl_backend.TestFaculties" name="test_list_faculties" time="0.087" /><testcase classname="backend.tests.test_ulpgl_backend.TestFaculties" name="test_faculty_detail" time="0.166" /><testcase classname="backend.tests.test_ulpgl_backend.TestFaculties" name="test_faculty_not_found" time="0.079" /><testcase classname="backend.tests.test_ulpgl_backend.TestContents" name="test_list_contents_published" time="0.076" /><testcase classname="backend.tests.test_ulpgl_backend.TestContents" name="test_filter_contents_by_type" time="0.096" /><testcase classname="backend.tests.test_ulpgl_backend.TestContents" name="test_publisher_creates_pending" time="0.250" /><testcase classname="backend.tests.test_ulpgl_backend.TestContents" name="test_admin_creates_published" time="0.195" /><testcase classname="backend.tests.test_ulpgl_backend.TestContents" name="test_approve_workflow" time="0.201" /><testcase classname="backend.tests.test_ulpgl_backend.TestContents" name="test_reject_workflow" time="0.182" /><testcase classname="backend.tests.test_ulpgl_backend.TestContents" name="test_publisher_cannot_approve" time="0.205" /><testcase classname="backend.tests.test_ulpgl_backend.TestSearch" name="test_search_basic" time="0.085" /><testcase classname="backend.tests.test_ulpgl_backend.TestSearch" name="test_search_empty" time="0.091" /><testcase classname="backend.tests.test_ulpgl_backend.TestSearch" name="test_search_faculty_term" time="0.096" /><testcase classname="backend.tests.test_ulpgl_backend.TestNewsletter" name="test_subscribe" time="0.200" /><testcase classname="backend.tests.test_ulpgl_backend.TestNewsletter" name="test_subscribe_invalid_email" time="0.081" /><testcase classname="backend.tests.test_ulpgl_backend.TestNewsletter" name="test_subscribe_duplicate" time="0.156" /><testcase classname="backend.tests.test_ulpgl_backend.TestContact" name="test_contact_create" time="0.179" /><testcase classname="backend.tests.test_ulpgl_backend.TestContact" name="test_contact_missing_fields" time="0.075" /><testcase classname="backend.tests.test_ulpgl_backend.TestDashboard" name="test_stats_admin" time="0.089" /><testcase classname="backend.tests.test_ulpgl_backend.TestDashboard" name="test_stats_publisher" time="0.073" /><testcase classname="backend.tests.test_ulpgl_backend.TestDashboard" name="test_stats_unauthorized" time="0.090" /><testcase classname="backend.tests.test_ulpgl_backend.TestUsers" name="test_list_users_admin" time="0.088" /><testcase classname="backend.tests.test_ulpgl_backend.TestUsers" name="test_list_users_publisher_forbidden" time="0.088" /></testsuite></testsuites>